<?xml version="1.0" encoding="UTF-8"?>
<testsuite name="com.project.demo.rest.game.GameRestControllerTest" tests="2" skipped="0" failures="0" errors="0" timestamp="2025-10-14T06:43:06" hostname="PT-RQUIROS-LAP" time="7.162">
  <properties/>
  <testcase name="testAddGame()" classname="com.project.demo.rest.game.GameRestControllerTest" time="7.124"/>
  <testcase name="testGetAllGames()" classname="com.project.demo.rest.game.GameRestControllerTest" time="0.036"/>
  <system-out><![CDATA[00:43:12.705 [Test worker] INFO org.springframework.mock.web.MockServletContext -- Initializing Spring TestDispatcherServlet ''
00:43:12.709 [Test worker] INFO org.springframework.test.web.servlet.TestDispatcherServlet -- Initializing Servlet ''
00:43:12.720 [Test worker] INFO org.springframework.test.web.servlet.TestDispatcherServlet -- Completed initialization in 8 ms
00:43:13.649 [Test worker] INFO org.springframework.mock.web.MockServletContext -- Initializing Spring TestDispatcherServlet ''
00:43:13.649 [Test worker] INFO org.springframework.test.web.servlet.TestDispatcherServlet -- Initializing Servlet ''
00:43:13.649 [Test worker] INFO org.springframework.test.web.servlet.TestDispatcherServlet -- Completed initialization in 0 ms
]]></system-out>
  <system-err><![CDATA[WARNING: A Java agent has been loaded dynamically (C:\Users\RolandoQuirosArtavia\.gradle\caches\modules-2\files-2.1\net.bytebuddy\byte-buddy-agent\1.14.13\979ce25f7d3096a2e82214ba7dc972a05ce7a171\byte-buddy-agent-1.14.13.jar)
WARNING: If a serviceability tool is in use, please run with -XX:+EnableDynamicAgentLoading to hide this warning
WARNING: If a serviceability tool is not in use, please run with -Djdk.instrument.traceUsage for more information
WARNING: Dynamic loading of agents will be disallowed by default in a future release
]]></system-err>
</testsuite>
