<?xml version="1.0" encoding="UTF-8"?>
<testsuite name="com.project.demo.rest.user.UserAchievementRestControllerTest" tests="5" skipped="0" failures="0" errors="0" timestamp="2025-12-02T05:58:13" hostname="DESKTOP-DQ4VE49" time="0.135">
  <properties/>
  <testcase name="testGetAllAchievements()" classname="com.project.demo.rest.user.UserAchievementRestControllerTest" time="0.106"/>
  <testcase name="testAddAchievementToUser_UserExistsAndAchievementExists()" classname="com.project.demo.rest.user.UserAchievementRestControllerTest" time="0.004"/>
  <testcase name="testUpdateAchievementForUser_UserExistsAndAchievementExists()" classname="com.project.demo.rest.user.UserAchievementRestControllerTest" time="0.005"/>
  <testcase name="testGetUserAchievementsByUserId_UserExists()" classname="com.project.demo.rest.user.UserAchievementRestControllerTest" time="0.012"/>
  <testcase name="testDeleteAchievementForUser_UserExistsAndAchievementExists()" classname="com.project.demo.rest.user.UserAchievementRestControllerTest" time="0.005"/>
  <system-out><![CDATA[]]></system-out>
  <system-err><![CDATA[]]></system-err>
</testsuite>
